

Microchip Technology PIC Macro Assembler V1.35 build -356382666 
                                                                                                           Sun Jan 24 20:09:47 2016


     1                           
     2                           	; Microchip MPLAB XC8 C Compiler V1.35
     3                           	; Copyright (C) 1984-2015 HI-TECH Software
     4                           
     5                           	; Auto-generated runtime startup code for final link stage.
     6                           
     7                           	;
     8                           	; Compiler options:
     9                           	;
    10                           	; --chip=16F1619 -G \
    11                           	; -mdist/default/production/DigitalFilter_Curiosity.X.production.map \
    12                           	; --double=24 --float=24 \
    13                           	; --opt=default,+asm,+asmfile,+speed,-space,+debug --addrqual=ignore \
    14                           	; --mode=pro -P -N255 --warn=-3 --asmlist \
    15                           	; --summary=default,+psect,+class,+mem,-hex,+file \
    16                           	; --output=default,-inhx032 \
    17                           	; --runtime=default,+clear,+init,+keep,-no_startup,+osccal,+oscval:0x3400,-resetbits,-download,-sta
                                 ckcall,+clib \
    18                           	; --output=-mcof,+elf:multilocs --stack=compiled:auto:auto \
    19                           	; --errformat=%f:%l: error: (%n) %s \
    20                           	; --warnformat=%f:%l: warning: (%n) %s \
    21                           	; --msgformat=%f:%l: advisory: (%n) %s --summary=+xml \
    22                           	; --summarydir=dist/default/production/memoryfile.xml \
    23                           	; -odist/default/production/DigitalFilter_Curiosity.X.production.elf \
    24                           	; build/default/production/mcc_generated_files/adc1.p1 \
    25                           	; build/default/production/mcc_generated_files/pin_manager.p1 \
    26                           	; build/default/production/mcc_generated_files/mcc.p1 \
    27                           	; build/default/production/mcc_generated_files/tmr1.p1 \
    28                           	; build/default/production/mcc_generated_files/mathacc.p1 \
    29                           	; build/default/production/mcc_generated_files/dac1.p1 \
    30                           	; build/default/production/mcc_generated_files/interrupt_manager.p1 \
    31                           	; build/default/production/main.p1 \
    32                           	; build/default/production/digitalfilter_2nd_ord.p1 \
    33                           	; build/default/production/mcc_generated_files/newpic_8b_asm_func.obj
    34                           	;
    35                           
    36                           
    37                           	processor	16F1619
    38                           
    39                           	global	_main,start,reset_vec
    40                           	fnroot	_main
    41                           	psect	config,class=CONFIG,delta=2,noexec
    42                           	psect	idloc,class=IDLOC,delta=2,noexec
    43                           	psect	code,class=CODE,delta=2
    44                           	psect	powerup,class=CODE,delta=2
    45                           	psect	reset_vec,class=CODE,delta=2
    46                           	psect	maintext,class=CODE,delta=2
    47  0000                     	Z	set	2
    48  0002                     	PCL	set	2
    49  0002                     	INDF	set	0
    50  0000                     
    51                           	STATUS	equ	3
    52  0003                     	BSR	equ	8
    53  0008                     	PCLATH	equ	0Ah
    54  000A                     	psect	eeprom_data,class=EEDATA,delta=2,space=3,noexec
    55                           	psect	strings,class=CODE,delta=2,reloc=256
    56                           	psect	intentry,class=CODE,delta=2
    57                           	psect	functab,class=CODE,delta=2
    58                           	global	intlevel0,intlevel1,intlevel2, intlevel3, intlevel4, intlevel5
    59                           intlevel0:
    60  0000                     intlevel1:
    61  0000                     intlevel2:
    62  0000                     intlevel3:
    63  0000                     intlevel4:
    64  0000                     intlevel5:
    65  0000                     	psect	init,class=CODE,delta=2
    66                           	psect	cinit,class=CODE,delta=2
    67                           	psect	text,class=CODE,delta=2
    68                           	psect	end_init,class=CODE,delta=2
    69                           	psect	clrtext,class=CODE,delta=2
    70                           	INDF0	set	0
    71  0000                     	INDF1	set	1
    72  0001                     	PCL	set	2
    73  0002                     	STATUS	set	3
    74  0003                     	FSR0L	set	4
    75  0004                     	FSR0H	set	5
    76  0005                     	FSR1L	set	6
    77  0006                     	FSR1H	set	7
    78  0007                     	BSR	set	8
    79  0008                     	WREG	set	9
    80  0009                     	PCLATH	set	10
    81  000A                     	INTCON	set	11
    82  000B                     
    83                           	psect	reset_vec
    84                           reset_vec:
    85  0000                     	; No powerup routine
    86                           	global start
    87                           
    88                           ; jump to start
    89                           	ljmp	start
    90  0000  3180  2820         
    91                           
    92                           	psect	init
    93                           start
    94  0020                     
    95                           ;Initialize the stack pointer (FSR1)
    96                           ;Stack space: 0203Eh-021DBh (414 bytes)
    97                           
    98                           	fsr1l	equ	6
    99  0006                     	fsr1h	equ	7
   100  0007                     	global stacklo, stackhi
   101                           	stacklo	equ	0203Eh
   102  203E                     	stackhi	equ	021DBh
   103  21DB                     
   104                           
   105                           	psect	stack,class=STACK,space=2,noexec
   106                           	global ___sp,___int_sp
   107                           	___sp:
   108  0000                     	___int_sp:
   109  0000                     
   110                           	psect	end_init
   111                           	global start_initialization
   112                           	ljmp start_initialization	;jump to C runtime clear & initialization
   113  0020  3180  2822         
   114                           ; Config register CONFIG1 @ 0x8007
   115                           ;	Clock Out Enable
   116                           ;	CLKOUTEN = OFF, CLKOUT function is disabled. I/O or oscillator function on the CLKOUT pin
   117                           ;	Power-up Timer Enable
   118                           ;	PWRTE = OFF, PWRT disabled
   119                           ;	Flash Program Memory Code Protection
   120                           ;	CP = OFF, Program memory code protection is disabled
   121                           ;	Brown-out Reset Enable
   122                           ;	BOREN = ON, Brown-out Reset enabled
   123                           ;	Fail-Safe Clock Monitor Enable
   124                           ;	FCMEN = ON, Fail-Safe Clock Monitor is enabled
   125                           ;	MCLR Pin Function Select
   126                           ;	MCLRE = OFF, MCLR/VPP pin function is digital input
   127                           ;	Internal/External Switch Over
   128                           ;	IESO = ON, Internal External Switch Over mode is enabled
   129                           ;	Oscillator Selection Bits
   130                           ;	FOSC = INTOSC, INTOSC oscillator: I/O function on CLKIN pin
   131                           
   132                           	psect	config
   133                           		org 0x0
   134  8007                     		dw 0x3FBC
   135  8007  3FBC               
   136                           ; Config register CONFIG2 @ 0x8008
   137                           ;	Peripheral Pin Select one-way control
   138                           ;	PPS1WAY = OFF, The PPSLOCK bit can be set and cleared repeatedly by software
   139                           ;	Stack Overflow/Underflow Reset Enable
   140                           ;	STVREN = ON, Stack Overflow or Underflow will cause a Reset
   141                           ;	Low-Power Brown Out Reset
   142                           ;	LPBOR = OFF, Low-Power BOR is disabled
   143                           ;	Brown-out Reset Voltage Selection
   144                           ;	BORV = LO, Brown-out Reset Voltage (Vbor), low trip point selected.
   145                           ;	Low-Voltage Programming Enable
   146                           ;	LVP = ON, Low-voltage programming enabled
   147                           ;	Zero Cross Detect Disable Bit
   148                           ;	ZCD = OFF, ZCD disable.  ZCD can be enabled by setting the ZCDSEN bit of ZCDCON
   149                           ;	Flash Memory Self-Write Protection
   150                           ;	WRT = OFF, Write protection off
   151                           ;	PLL Enable Bit
   152                           ;	PLLEN = OFF, 4x PLL is enabled when software sets the SPLLEN bit
   153                           
   154                           	psect	config
   155                           		org 0x1
   156  8008                     		dw 0x3EFB
   157  8008  3EFB               
   158                           ; Config register CONFIG3 @ 0x8009
   159                           ;	Watchdog Timer Enable
   160                           ;	WDTE = OFF, WDT disabled
   161                           ;	WDT Period Select
   162                           ;	WDTCPS = WDTCPS1F, Software Control (WDTPS)
   163                           ;	WDT Input Clock Selector
   164                           ;	WDTCCS = SWC, Software control, controlled by WDTCS bits
   165                           ;	WDT Window Select
   166                           ;	WDTCWS = WDTCWSSW, Software WDT window size control (WDTWS bits)
   167                           
   168                           	psect	config
   169                           		org 0x2
   170  8009                     		dw 0x3F9F
   171  8009  3F9F               


Microchip Technology PIC Macro Assembler V1.35 build -356382666 
Symbol Table                                                                                               Sun Jan 24 20:09:47 2016

               ___sp 0000                 _main 003D                 start 0020               stackhi 21DB  
             stacklo 203E  start_initialization 0022             ___int_sp 0000             intlevel0 0000  
           intlevel1 0000             intlevel2 0000             intlevel3 0000             intlevel4 0000  
           intlevel5 0000             reset_vec 0000  
